c:\users\akyol\documents\vısual studıo 2013\projects\cuckoo_detectıon\cuckoo_detectıon\debug\vc120.pdb
c:\users\akyol\documents\vısual studıo 2013\projects\cuckoo_detectıon\cuckoo_detectıon\debug\vc120.ıdb
c:\users\akyol\documents\vısual studıo 2013\projects\cuckoo_detectıon\cuckoo_detectıon\debug\header1.obj
c:\users\akyol\documents\vısual studıo 2013\projects\cuckoo_detectıon\cuckoo_detectıon\debug\source.obj
c:\users\akyol\documents\vısual studıo 2013\projects\cuckoo_detectıon\cuckoo_detectıon\debug\thread.obj
c:\users\akyol\documents\vısual studıo 2013\projects\cuckoo_detectıon\debug\cuckoo_detectıon.ılk
c:\users\akyol\documents\vısual studıo 2013\projects\cuckoo_detectıon\debug\cuckoo_detectıon.exe
c:\users\akyol\documents\vısual studıo 2013\projects\cuckoo_detectıon\debug\cuckoo_detectıon.pdb
c:\users\akyol\documents\visual studio 2013\projects\cuckoo_detection\cuckoo_detection\debug\header1.obj
c:\users\akyol\documents\visual studio 2013\projects\cuckoo_detection\cuckoo_detection\debug\source.obj
c:\users\akyol\documents\visual studio 2013\projects\cuckoo_detection\cuckoo_detection\debug\thread.obj
c:\users\akyol\documents\visual studio 2013\projects\cuckoo_detection\cuckoo_detection\debug\vc120.idb
c:\users\akyol\documents\visual studio 2013\projects\cuckoo_detection\cuckoo_detection\debug\vc120.pdb
c:\users\akyol\documents\visual studio 2013\projects\cuckoo_detection\debug\cuckoo_detection.pdb
c:\users\akyol\documents\visual studio 2013\projects\cuckoo_detection\debug\cuckoo_detection.exe
c:\users\akyol\documents\visual studio 2013\projects\cuckoo_detection\debug\cuckoo_detection.ilk
c:\users\akyol\documents\visual studio 2013\projects\cuckoo_detection\cuckoo_detection\debug\cuckoo_detection.tlog\cl.command.1.tlog
c:\users\akyol\documents\visual studio 2013\projects\cuckoo_detection\cuckoo_detection\debug\cuckoo_detection.tlog\cl.read.1.tlog
c:\users\akyol\documents\visual studio 2013\projects\cuckoo_detection\cuckoo_detection\debug\cuckoo_detection.tlog\cl.write.1.tlog
c:\users\akyol\documents\visual studio 2013\projects\cuckoo_detection\cuckoo_detection\debug\cuckoo_detection.tlog\link.command.1.tlog
c:\users\akyol\documents\visual studio 2013\projects\cuckoo_detection\cuckoo_detection\debug\cuckoo_detection.tlog\link.read.1.tlog
c:\users\akyol\documents\visual studio 2013\projects\cuckoo_detection\cuckoo_detection\debug\cuckoo_detection.tlog\link.write.1.tlog
